This is pdfTeX, Version 3.141592653-2.6-1.40.26 (MiKTeX 24.4) (preloaded format=pdflatex 2024.10.12)  30 SEP 2025 15:29
entering extended mode
 restricted \write18 enabled.
 file:line:error style messages enabled.
 %&-line parsing enabled.
**p:/FCT/Internship_AMD/Thesis/thesis_jpm_22.5G_MPG_3nm.tex
(p:/FCT/Internship_AMD/Thesis/thesis_jpm_22.5G_MPG_3nm.tex
LaTeX2e <2024-06-01> patch level 2
L3 programming layer <2024-08-30>
(C:\Users\João Marcelino\AppData\Local\Programs\MiKTeX\tex/latex/base\report.cls
Document Class: report 2024/02/08 v1.4n Standard LaTeX document class
(C:\Users\João Marcelino\AppData\Local\Programs\MiKTeX\tex/latex/base\size11.clo
File: size11.clo 2024/02/08 v1.4n Standard LaTeX file (size option)
)
\c@part=\count194
\c@chapter=\count195
\c@section=\count196
\c@subsection=\count197
\c@subsubsection=\count198
\c@paragraph=\count199
\c@subparagraph=\count266
\c@figure=\count267
\c@table=\count268
\abovecaptionskip=\skip49
\belowcaptionskip=\skip50
\bibindent=\dimen141
) (C:\Users\João Marcelino\AppData\Local\Programs\MiKTeX\tex/latex/geometry\geometry.sty
Package: geometry 2020/01/02 v5.9 Page Geometry
 (C:\Users\João Marcelino\AppData\Local\Programs\MiKTeX\tex/latex/graphics\keyval.sty
Package: keyval 2022/05/29 v1.15 key=value parser (DPC)
\KV@toks@=\toks17
) (C:\Users\João Marcelino\AppData\Local\Programs\MiKTeX\tex/generic/iftex\ifvtex.sty
Package: ifvtex 2019/10/25 v1.7 ifvtex legacy package. Use iftex instead.
 (C:\Users\João Marcelino\AppData\Local\Programs\MiKTeX\tex/generic/iftex\iftex.sty
Package: iftex 2022/02/03 v1.0f TeX engine tests
))
\Gm@cnth=\count269
\Gm@cntv=\count270
\c@Gm@tempcnt=\count271
\Gm@bindingoffset=\dimen142
\Gm@wd@mp=\dimen143
\Gm@odd@mp=\dimen144
\Gm@even@mp=\dimen145
\Gm@layoutwidth=\dimen146
\Gm@layoutheight=\dimen147
\Gm@layouthoffset=\dimen148
\Gm@layoutvoffset=\dimen149
\Gm@dimlist=\toks18
 (C:\Users\João Marcelino\AppData\Local\Programs\MiKTeX\tex/latex/geometry\geometry.cfg)) (C:\Users\João Marcelino\AppData\Local\Programs\MiKTeX\tex/latex/psnfss\times.sty
Package: times 2020/03/25 PSNFSS-v9.3 (SPQR) 
) (C:\Users\João Marcelino\AppData\Local\Programs\MiKTeX\tex/latex/setspace\setspace.sty
Package: setspace 2022/12/04 v6.7b set line spacing
) (C:\Users\João Marcelino\AppData\Local\Programs\MiKTeX\tex/latex/fancyhdr\fancyhdr.sty
Package: fancyhdr 2024/07/23 v4.3.1 Extensive control of page headers and footers
\f@nch@headwidth=\skip51
\f@nch@O@elh=\skip52
\f@nch@O@erh=\skip53
\f@nch@O@olh=\skip54
\f@nch@O@orh=\skip55
\f@nch@O@elf=\skip56
\f@nch@O@erf=\skip57
\f@nch@O@olf=\skip58
\f@nch@O@orf=\skip59
) (C:\Users\João Marcelino\AppData\Local\Programs\MiKTeX\tex/latex/titlesec\titlesec.sty
Package: titlesec 2023/10/27 v2.16 Sectioning titles
\ttl@box=\box52
\beforetitleunit=\skip60
\aftertitleunit=\skip61
\ttl@plus=\dimen150
\ttl@minus=\dimen151
\ttl@toksa=\toks19
\titlewidth=\dimen152
\titlewidthlast=\dimen153
\titlewidthfirst=\dimen154
) (C:\Users\João Marcelino\AppData\Local\Programs\MiKTeX\tex/latex/graphics\graphicx.sty
Package: graphicx 2021/09/16 v1.2d Enhanced LaTeX Graphics (DPC,SPQR)
 (C:\Users\João Marcelino\AppData\Local\Programs\MiKTeX\tex/latex/graphics\graphics.sty
Package: graphics 2024/05/23 v1.4g Standard LaTeX Graphics (DPC,SPQR)
 (C:\Users\João Marcelino\AppData\Local\Programs\MiKTeX\tex/latex/graphics\trig.sty
Package: trig 2023/12/02 v1.11 sin cos tan (DPC)
) (C:\Users\João Marcelino\AppData\Local\Programs\MiKTeX\tex/latex/graphics-cfg\graphics.cfg
File: graphics.cfg 2016/06/04 v1.11 sample graphics configuration
)
Package graphics Info: Driver file: pdftex.def on input line 106.
 (C:\Users\João Marcelino\AppData\Local\Programs\MiKTeX\tex/latex/graphics-def\pdftex.def
File: pdftex.def 2024/04/13 v1.2c Graphics/color driver for pdftex
))
\Gin@req@height=\dimen155
\Gin@req@width=\dimen156
) (C:\Users\João Marcelino\AppData\Local\Programs\MiKTeX\tex/latex/caption\caption.sty
Package: caption 2023/08/05 v3.6o Customizing captions (AR)
 (C:\Users\João Marcelino\AppData\Local\Programs\MiKTeX\tex/latex/caption\caption3.sty
Package: caption3 2023/07/31 v2.4d caption3 kernel (AR)
\caption@tempdima=\dimen157
\captionmargin=\dimen158
\caption@leftmargin=\dimen159
\caption@rightmargin=\dimen160
\caption@width=\dimen161
\caption@indent=\dimen162
\caption@parindent=\dimen163
\caption@hangindent=\dimen164
Package caption Info: Standard document class detected.
)
\c@caption@flags=\count272
\c@continuedfloat=\count273
) (C:\Users\João Marcelino\AppData\Local\Programs\MiKTeX\tex/latex/float\float.sty
Package: float 2001/11/08 v1.3d Float enhancements (AL)
\c@float@type=\count274
\float@exts=\toks20
\float@box=\box53
\@float@everytoks=\toks21
\@floatcapt=\box54
) (C:\Users\João Marcelino\AppData\Local\Programs\MiKTeX\tex/latex/tocbibind\tocbibind.sty
Package: tocbibind 2010/10/13 v1.5k extra ToC listings
Package tocbibind Info: The document has chapter divisions on input line 50.


Package tocbibind Note: Using chapter style headings, unless overridden.

) (C:\Users\João Marcelino\AppData\Local\Programs\MiKTeX\tex/latex/amsmath\amsmath.sty
Package: amsmath 2024/05/23 v2.17q AMS math features
\@mathmargin=\skip62

For additional information on amsmath, use the `?' option.
(C:\Users\João Marcelino\AppData\Local\Programs\MiKTeX\tex/latex/amsmath\amstext.sty
Package: amstext 2021/08/26 v2.01 AMS text
 (C:\Users\João Marcelino\AppData\Local\Programs\MiKTeX\tex/latex/amsmath\amsgen.sty
File: amsgen.sty 1999/11/30 v2.0 generic functions
\@emptytoks=\toks22
\ex@=\dimen165
)) (C:\Users\João Marcelino\AppData\Local\Programs\MiKTeX\tex/latex/amsmath\amsbsy.sty
Package: amsbsy 1999/11/29 v1.2d Bold Symbols
\pmbraise@=\dimen166
) (C:\Users\João Marcelino\AppData\Local\Programs\MiKTeX\tex/latex/amsmath\amsopn.sty
Package: amsopn 2022/04/08 v2.04 operator names
)
\inf@bad=\count275
LaTeX Info: Redefining \frac on input line 233.
\uproot@=\count276
\leftroot@=\count277
LaTeX Info: Redefining \overline on input line 398.
LaTeX Info: Redefining \colon on input line 409.
\classnum@=\count278
\DOTSCASE@=\count279
LaTeX Info: Redefining \ldots on input line 495.
LaTeX Info: Redefining \dots on input line 498.
LaTeX Info: Redefining \cdots on input line 619.
\Mathstrutbox@=\box55
\strutbox@=\box56
LaTeX Info: Redefining \big on input line 721.
LaTeX Info: Redefining \Big on input line 722.
LaTeX Info: Redefining \bigg on input line 723.
LaTeX Info: Redefining \Bigg on input line 724.
\big@size=\dimen167
LaTeX Font Info:    Redeclaring font encoding OML on input line 742.
LaTeX Font Info:    Redeclaring font encoding OMS on input line 743.
\macc@depth=\count280
LaTeX Info: Redefining \bmod on input line 904.
LaTeX Info: Redefining \pmod on input line 909.
LaTeX Info: Redefining \smash on input line 939.
LaTeX Info: Redefining \relbar on input line 969.
LaTeX Info: Redefining \Relbar on input line 970.
\c@MaxMatrixCols=\count281
\dotsspace@=\muskip17
\c@parentequation=\count282
\dspbrk@lvl=\count283
\tag@help=\toks23
\row@=\count284
\column@=\count285
\maxfields@=\count286
\andhelp@=\toks24
\eqnshift@=\dimen168
\alignsep@=\dimen169
\tagshift@=\dimen170
\tagwidth@=\dimen171
\totwidth@=\dimen172
\lineht@=\dimen173
\@envbody=\toks25
\multlinegap=\skip63
\multlinetaggap=\skip64
\mathdisplay@stack=\toks26
LaTeX Info: Redefining \[ on input line 2953.
LaTeX Info: Redefining \] on input line 2954.
) (C:\Users\João Marcelino\AppData\Local\Programs\MiKTeX\tex/latex/amsfonts\amssymb.sty
Package: amssymb 2013/01/14 v3.01 AMS font symbols
 (C:\Users\João Marcelino\AppData\Local\Programs\MiKTeX\tex/latex/amsfonts\amsfonts.sty
Package: amsfonts 2013/01/14 v3.01 Basic AMSFonts support
\symAMSa=\mathgroup4
\symAMSb=\mathgroup5
LaTeX Font Info:    Redeclaring math symbol \hbar on input line 98.
LaTeX Font Info:    Overwriting math alphabet `\mathfrak' in version `bold'
(Font)                  U/euf/m/n --> U/euf/b/n on input line 106.
)) (C:\Users\João Marcelino\AppData\Local\Programs\MiKTeX\tex/latex/lipsum\lipsum.sty (C:\Users\João Marcelino\AppData\Local\Programs\MiKTeX\tex/latex/l3packages/l3keys2e\l3keys2e.sty (C:\Users\João Marcelino\AppData\Local\Programs\MiKTeX\tex/latex/l3kernel\expl3.sty
Package: expl3 2024-08-30 L3 programming layer (loader) 
 (C:\Users\João Marcelino\AppData\Local\Programs\MiKTeX\tex/latex/l3backend\l3backend-pdftex.def
File: l3backend-pdftex.def 2024-05-08 L3 backend support: PDF output (pdfTeX)
\l__color_backend_stack_int=\count287
\l__pdf_internal_box=\box57
))
Package: l3keys2e 2024-08-16 LaTeX2e option processing using LaTeX3 keys
)
Package: lipsum 2021-09-20 v2.7 150 paragraphs of Lorem Ipsum dummy text
\g__lipsum_par_int=\count288
\l__lipsum_a_int=\count289
\l__lipsum_b_int=\count290
 (C:\Users\João Marcelino\AppData\Local\Programs\MiKTeX\tex/latex/lipsum\lipsum.ltd.tex)) (C:\Users\João Marcelino\AppData\Local\Programs\MiKTeX\tex/latex/appendix\appendix.sty
Package: appendix 2020/02/08 v1.2c extra appendix facilities
\c@@pps=\count291
\c@@ppsavesec=\count292
\c@@ppsaveapp=\count293
) (C:\Users\João Marcelino\AppData\Local\Programs\MiKTeX\tex/latex/xcolor\xcolor.sty
Package: xcolor 2023/11/15 v3.01 LaTeX color extensions (UK)
 (C:\Users\João Marcelino\AppData\Local\Programs\MiKTeX\tex/latex/graphics-cfg\color.cfg
File: color.cfg 2016/01/02 v1.6 sample color configuration
)
Package xcolor Info: Driver file: pdftex.def on input line 274.
 (C:\Users\João Marcelino\AppData\Local\Programs\MiKTeX\tex/latex/graphics\mathcolor.ltx)
Package xcolor Info: Model `cmy' substituted by `cmy0' on input line 1350.
Package xcolor Info: Model `hsb' substituted by `rgb' on input line 1354.
Package xcolor Info: Model `RGB' extended on input line 1366.
Package xcolor Info: Model `HTML' substituted by `rgb' on input line 1368.
Package xcolor Info: Model `Hsb' substituted by `hsb' on input line 1369.
Package xcolor Info: Model `tHsb' substituted by `hsb' on input line 1370.
Package xcolor Info: Model `HSB' substituted by `hsb' on input line 1371.
Package xcolor Info: Model `Gray' substituted by `gray' on input line 1372.
Package xcolor Info: Model `wave' substituted by `hsb' on input line 1373.
) (C:\Users\João Marcelino\AppData\Local\Programs\MiKTeX\tex/latex/wallpaper\wallpaper.sty
Package: wallpaper 2005/01/18, v1.01 easy wallpaper formatting (MHFW)
 (C:\Users\João Marcelino\AppData\Local\Programs\MiKTeX\tex/latex/base\ifthen.sty
Package: ifthen 2024/03/16 v1.1e Standard LaTeX ifthen package (DPC)
) (C:\Users\João Marcelino\AppData\Local\Programs\MiKTeX\tex/latex/tools\calc.sty
Package: calc 2023/07/08 v4.3 Infix arithmetic (KKT,FJ)
\calc@Acount=\count294
\calc@Bcount=\count295
\calc@Adimen=\dimen174
\calc@Bdimen=\dimen175
\calc@Askip=\skip65
\calc@Bskip=\skip66
LaTeX Info: Redefining \setlength on input line 80.
LaTeX Info: Redefining \addtolength on input line 81.
\calc@Ccount=\count296
\calc@Cskip=\skip67
) (C:\Users\João Marcelino\AppData\Local\Programs\MiKTeX\tex/latex/eso-pic\eso-pic.sty
Package: eso-pic 2023/05/03 v3.0c eso-pic (RN)
\ESO@tempdima=\dimen176
\ESO@tempdimb=\dimen177
)
\wpXoffset=\skip68
\wpYoffset=\skip69
\tileXoffset=\skip70
\tileYoffset=\skip71
\tilewidth=\skip72
\tileheight=\skip73
\tileX=\skip74
\tileY=\skip75
) (C:\Users\João Marcelino\AppData\Local\Programs\MiKTeX\tex/latex/natbib\natbib.sty
Package: natbib 2010/09/13 8.31b (PWD, AO)
\bibhang=\skip76
\bibsep=\skip77
LaTeX Info: Redefining \cite on input line 694.
\c@NAT@ctr=\count297
) (C:\Users\João Marcelino\AppData\Local\Programs\MiKTeX\tex/latex/microtype\microtype.sty
Package: microtype 2024/03/29 v3.1b Micro-typographical refinements (RS)
 (C:\Users\João Marcelino\AppData\Local\Programs\MiKTeX\tex/latex/etoolbox\etoolbox.sty
Package: etoolbox 2020/10/05 v2.5k e-TeX tools for LaTeX (JAW)
\etb@tempcnta=\count298
)
\MT@toks=\toks27
\MT@tempbox=\box58
\MT@count=\count299
LaTeX Info: Redefining \noprotrusionifhmode on input line 1061.
LaTeX Info: Redefining \leftprotrusion on input line 1062.
\MT@prot@toks=\toks28
LaTeX Info: Redefining \rightprotrusion on input line 1081.
LaTeX Info: Redefining \textls on input line 1392.
\MT@outer@kern=\dimen178
LaTeX Info: Redefining \textmicrotypecontext on input line 2013.
\MT@listname@count=\count300
 (C:\Users\João Marcelino\AppData\Local\Programs\MiKTeX\tex/latex/microtype\microtype-pdftex.def
File: microtype-pdftex.def 2024/03/29 v3.1b Definitions specific to pdftex (RS)
LaTeX Info: Redefining \lsstyle on input line 902.
LaTeX Info: Redefining \lslig on input line 902.
\MT@outer@space=\skip78
)
Package microtype Info: Loading configuration file microtype.cfg.
 (C:\Users\João Marcelino\AppData\Local\Programs\MiKTeX\tex/latex/microtype\microtype.cfg
File: microtype.cfg 2024/03/29 v3.1b microtype main configuration file (RS)
)) (C:\Users\João Marcelino\AppData\Local\Programs\MiKTeX\tex/latex/ragged2e\ragged2e.sty
Package: ragged2e 2023/06/22 v3.6 ragged2e Package
\CenteringLeftskip=\skip79
\RaggedLeftLeftskip=\skip80
\RaggedRightLeftskip=\skip81
\CenteringRightskip=\skip82
\RaggedLeftRightskip=\skip83
\RaggedRightRightskip=\skip84
\CenteringParfillskip=\skip85
\RaggedLeftParfillskip=\skip86
\RaggedRightParfillskip=\skip87
\JustifyingParfillskip=\skip88
\CenteringParindent=\skip89
\RaggedLeftParindent=\skip90
\RaggedRightParindent=\skip91
\JustifyingParindent=\skip92
) (C:\Users\João Marcelino\AppData\Local\Programs\MiKTeX\tex/latex/bookmark\bookmark.sty
Package: bookmark 2023-12-10 v1.31 PDF bookmarks (HO)
 (C:\Users\João Marcelino\AppData\Local\Programs\MiKTeX\tex/latex/hyperref\hyperref.sty
Package: hyperref 2024-07-10 v7.01j Hypertext links for LaTeX
 (C:\Users\João Marcelino\AppData\Local\Programs\MiKTeX\tex/latex/kvsetkeys\kvsetkeys.sty
Package: kvsetkeys 2022-10-05 v1.19 Key value parser (HO)
) (C:\Users\João Marcelino\AppData\Local\Programs\MiKTeX\tex/generic/kvdefinekeys\kvdefinekeys.sty
Package: kvdefinekeys 2019-12-19 v1.6 Define keys (HO)
) (C:\Users\João Marcelino\AppData\Local\Programs\MiKTeX\tex/generic/pdfescape\pdfescape.sty
Package: pdfescape 2019/12/09 v1.15 Implements pdfTeX's escape features (HO)
 (C:\Users\João Marcelino\AppData\Local\Programs\MiKTeX\tex/generic/ltxcmds\ltxcmds.sty
Package: ltxcmds 2023-12-04 v1.26 LaTeX kernel commands for general use (HO)
) (C:\Users\João Marcelino\AppData\Local\Programs\MiKTeX\tex/generic/pdftexcmds\pdftexcmds.sty
Package: pdftexcmds 2020-06-27 v0.33 Utility functions of pdfTeX for LuaTeX (HO)
 (C:\Users\João Marcelino\AppData\Local\Programs\MiKTeX\tex/generic/infwarerr\infwarerr.sty
Package: infwarerr 2019/12/03 v1.5 Providing info/warning/error messages (HO)
)
Package pdftexcmds Info: \pdf@primitive is available.
Package pdftexcmds Info: \pdf@ifprimitive is available.
Package pdftexcmds Info: \pdfdraftmode found.
)) (C:\Users\João Marcelino\AppData\Local\Programs\MiKTeX\tex/latex/hycolor\hycolor.sty
Package: hycolor 2020-01-27 v1.10 Color options for hyperref/bookmark (HO)
) (C:\Users\João Marcelino\AppData\Local\Programs\MiKTeX\tex/latex/hyperref\nameref.sty
Package: nameref 2023-11-26 v2.56 Cross-referencing by name of section
 (C:\Users\João Marcelino\AppData\Local\Programs\MiKTeX\tex/latex/refcount\refcount.sty
Package: refcount 2019/12/15 v3.6 Data extraction from label references (HO)
) (C:\Users\João Marcelino\AppData\Local\Programs\MiKTeX\tex/generic/gettitlestring\gettitlestring.sty
Package: gettitlestring 2019/12/15 v1.6 Cleanup title references (HO)
 (C:\Users\João Marcelino\AppData\Local\Programs\MiKTeX\tex/latex/kvoptions\kvoptions.sty
Package: kvoptions 2022-06-15 v3.15 Key value format for package options (HO)
))
\c@section@level=\count301
) (C:\Users\João Marcelino\AppData\Local\Programs\MiKTeX\tex/generic/stringenc\stringenc.sty
Package: stringenc 2019/11/29 v1.12 Convert strings between diff. encodings (HO)
)
\@linkdim=\dimen179
\Hy@linkcounter=\count302
\Hy@pagecounter=\count303
 (C:\Users\João Marcelino\AppData\Local\Programs\MiKTeX\tex/latex/hyperref\pd1enc.def
File: pd1enc.def 2024-07-10 v7.01j Hyperref: PDFDocEncoding definition (HO)
Now handling font encoding PD1 ...
... no UTF-8 mapping file for font encoding PD1
) (C:\Users\João Marcelino\AppData\Local\Programs\MiKTeX\tex/generic/intcalc\intcalc.sty
Package: intcalc 2019/12/15 v1.3 Expandable calculations with integers (HO)
)
\Hy@SavedSpaceFactor=\count304
 (C:\Users\João Marcelino\AppData\Local\Programs\MiKTeX\tex/latex/hyperref\puenc.def
File: puenc.def 2024-07-10 v7.01j Hyperref: PDF Unicode definition (HO)
Now handling font encoding PU ...
... no UTF-8 mapping file for font encoding PU
)
Package hyperref Info: Hyper figures OFF on input line 4157.
Package hyperref Info: Link nesting OFF on input line 4162.
Package hyperref Info: Hyper index ON on input line 4165.
Package hyperref Info: Plain pages OFF on input line 4172.
Package hyperref Info: Backreferencing OFF on input line 4177.
Package hyperref Info: Implicit mode ON; LaTeX internals redefined.
Package hyperref Info: Bookmarks ON on input line 4424.
\c@Hy@tempcnt=\count305
 (C:\Users\João Marcelino\AppData\Local\Programs\MiKTeX\tex/latex/url\url.sty
\Urlmuskip=\muskip18
Package: url 2013/09/16  ver 3.4  Verb mode for urls, etc.
)
LaTeX Info: Redefining \url on input line 4763.
\XeTeXLinkMargin=\dimen180
 (C:\Users\João Marcelino\AppData\Local\Programs\MiKTeX\tex/generic/bitset\bitset.sty
Package: bitset 2019/12/09 v1.3 Handle bit-vector datatype (HO)
 (C:\Users\João Marcelino\AppData\Local\Programs\MiKTeX\tex/generic/bigintcalc\bigintcalc.sty
Package: bigintcalc 2019/12/15 v1.5 Expandable calculations on big integers (HO)
))
\Fld@menulength=\count306
\Field@Width=\dimen181
\Fld@charsize=\dimen182
Package hyperref Info: Hyper figures OFF on input line 6042.
Package hyperref Info: Link nesting OFF on input line 6047.
Package hyperref Info: Hyper index ON on input line 6050.
Package hyperref Info: backreferencing OFF on input line 6057.
Package hyperref Info: Link coloring OFF on input line 6062.
Package hyperref Info: Link coloring with OCG OFF on input line 6067.
Package hyperref Info: PDF/A mode OFF on input line 6072.
 (C:\Users\João Marcelino\AppData\Local\Programs\MiKTeX\tex/latex/base\atbegshi-ltx.sty
Package: atbegshi-ltx 2021/01/10 v1.0c Emulation of the original atbegshi
package with kernel methods
)
\Hy@abspage=\count307
\c@Item=\count308
\c@Hfootnote=\count309
)
Package hyperref Info: Driver (autodetected): hpdftex.
 (C:\Users\João Marcelino\AppData\Local\Programs\MiKTeX\tex/latex/hyperref\hpdftex.def
File: hpdftex.def 2024-07-10 v7.01j Hyperref driver for pdfTeX
 (C:\Users\João Marcelino\AppData\Local\Programs\MiKTeX\tex/latex/base\atveryend-ltx.sty
Package: atveryend-ltx 2020/08/19 v1.0a Emulation of the original atveryend package
with kernel methods
)
\Fld@listcount=\count310
\c@bookmark@seq@number=\count311
 (C:\Users\João Marcelino\AppData\Local\Programs\MiKTeX\tex/latex/rerunfilecheck\rerunfilecheck.sty
Package: rerunfilecheck 2022-07-10 v1.10 Rerun checks for auxiliary files (HO)
 (C:\Users\João Marcelino\AppData\Local\Programs\MiKTeX\tex/generic/uniquecounter\uniquecounter.sty
Package: uniquecounter 2019/12/15 v1.4 Provide unlimited unique counter (HO)
)
Package uniquecounter Info: New unique counter `rerunfilecheck' on input line 285.
)
\Hy@SectionHShift=\skip93
) (C:\Users\João Marcelino\AppData\Local\Programs\MiKTeX\tex/latex/bookmark\bkm-pdftex.def
File: bkm-pdftex.def 2023-12-10 v1.31 bookmark driver for pdfTeX and luaTeX (HO)
\BKM@id=\count312
)) (C:\Users\João Marcelino\AppData\Local\Programs\MiKTeX\tex/latex/siunitx\siunitx.sty
Package: siunitx 2025-07-09 v3.4.14 A comprehensive (SI) units package
\l__siunitx_number_uncert_offset_int=\count313
\l__siunitx_number_exponent_fixed_int=\count314
\l__siunitx_number_min_decimal_int=\count315
\l__siunitx_number_min_integer_int=\count316
\l__siunitx_number_round_precision_int=\count317
\l__siunitx_number_lower_threshold_int=\count318
\l__siunitx_number_upper_threshold_int=\count319
\l__siunitx_number_group_first_int=\count320
\l__siunitx_number_group_size_int=\count321
\l__siunitx_number_group_minimum_int=\count322
\l__siunitx_angle_tmp_dim=\dimen183
\l__siunitx_angle_marker_box=\box59
\l__siunitx_angle_unit_box=\box60
\l__siunitx_compound_count_int=\count323
 (C:\Users\João Marcelino\AppData\Local\Programs\MiKTeX\tex/latex/translations\translations.sty
Package: translations 2022/02/05 v1.12 internationalization of LaTeX2e packages (CN)
)
\l__siunitx_table_tmp_box=\box61
\l__siunitx_table_tmp_dim=\dimen184
\l__siunitx_table_column_width_dim=\dimen185
\l__siunitx_table_integer_box=\box62
\l__siunitx_table_decimal_box=\box63
\l__siunitx_table_uncert_box=\box64
\l__siunitx_table_before_box=\box65
\l__siunitx_table_after_box=\box66
\l__siunitx_table_before_dim=\dimen186
\l__siunitx_table_carry_dim=\dimen187
\l__siunitx_unit_tmp_int=\count324
\l__siunitx_unit_position_int=\count325
\l__siunitx_unit_total_int=\count326
 (C:\Users\João Marcelino\AppData\Local\Programs\MiKTeX\tex/latex/tools\array.sty
Package: array 2024/06/14 v2.6d Tabular extension package (FMi)
\col@sep=\dimen188
\ar@mcellbox=\box67
\extrarowheight=\dimen189
\NC@list=\toks29
\extratabsurround=\skip94
\backup@length=\skip95
\ar@cellbox=\box68
)) (C:\Users\João Marcelino\AppData\Local\Programs\MiKTeX\tex/latex/booktabs\booktabs.sty
Package: booktabs 2020/01/12 v1.61803398 Publication quality tables
\heavyrulewidth=\dimen190
\lightrulewidth=\dimen191
\cmidrulewidth=\dimen192
\belowrulesep=\dimen193
\belowbottomsep=\dimen194
\aboverulesep=\dimen195
\abovetopsep=\dimen196
\cmidrulesep=\dimen197
\cmidrulekern=\dimen198
\defaultaddspace=\dimen199
\@cmidla=\count327
\@cmidlb=\count328
\@aboverulesep=\dimen256
\@belowrulesep=\dimen257
\@thisruleclass=\count329
\@lastruleclass=\count330
\@thisrulewidth=\dimen258
) (C:\Users\João Marcelino\AppData\Local\Programs\MiKTeX\tex/latex/base\textcomp.sty
Package: textcomp 2024/04/24 v2.1b Standard LaTeX package
) (C:\Users\João Marcelino\AppData\Local\Programs\MiKTeX\tex/latex/gensymb\gensymb.sty
Package: gensymb 2022/10/17 v1.0.2 (KJH)
) (C:\Users\João Marcelino\AppData\Local\Programs\MiKTeX\tex/latex/caption\subcaption.sty
Package: subcaption 2023/07/28 v1.6b Sub-captions (AR)
Package caption Info: New subtype `subfigure' on input line 238.
\c@subfigure=\count331
Package caption Info: New subtype `subtable' on input line 238.
\c@subtable=\count332
) (C:\Users\João Marcelino\AppData\Local\Programs\MiKTeX\tex/latex/tools\tabularx.sty
Package: tabularx 2023/12/11 v2.12a `tabularx' package (DPC)
\TX@col@width=\dimen259
\TX@old@table=\dimen260
\TX@old@col=\dimen261
\TX@target=\dimen262
\TX@delta=\dimen263
\TX@cols=\count333
\TX@ftn=\toks30
) (C:\Users\João Marcelino\AppData\Local\Programs\MiKTeX\tex/latex/threeparttable\threeparttable.sty
Package: threeparttable 2003/06/13  v 3.0
\@tempboxb=\box69
) (C:\Users\João Marcelino\AppData\Local\Programs\MiKTeX\tex/latex/makecell\makecell.sty
Package: makecell 2009/08/03 V0.1e Managing of Tab Column Heads and Cells
\rotheadsize=\dimen264
\c@nlinenum=\count334
\TeXr@lab=\toks31
) (C:\Users\João Marcelino\AppData\Local\Programs\MiKTeX\tex/latex/enumitem\enumitem.sty
Package: enumitem 2019/06/20 v3.9 Customized lists
\labelindent=\skip96
\enit@outerparindent=\dimen265
\enit@toks=\toks32
\enit@inbox=\box70
\enit@count@id=\count335
\enitdp@description=\count336
) (C:\Users\João Marcelino\AppData\Local\Programs\MiKTeX\tex/latex/tools\verbatim.sty
Package: verbatim 2024-01-22 v1.5x LaTeX2e package for verbatim enhancements
\every@verbatim=\toks33
\verbatim@line=\toks34
\verbatim@in@stream=\read2
) (C:\Users\João Marcelino\AppData\Local\Programs\MiKTeX\tex/latex/listings\listings.sty
\lst@mode=\count337
\lst@gtempboxa=\box71
\lst@token=\toks35
\lst@length=\count338
\lst@currlwidth=\dimen266
\lst@column=\count339
\lst@pos=\count340
\lst@lostspace=\dimen267
\lst@width=\dimen268
\lst@newlines=\count341
\lst@lineno=\count342
\lst@maxwidth=\dimen269
 (C:\Users\João Marcelino\AppData\Local\Programs\MiKTeX\tex/latex/listings\lstpatch.sty
File: lstpatch.sty 2024/05/25 1.10b (Carsten Heinz)
) (C:\Users\João Marcelino\AppData\Local\Programs\MiKTeX\tex/latex/listings\lstmisc.sty
File: lstmisc.sty 2024/05/25 1.10b (Carsten Heinz)
\c@lstnumber=\count343
\lst@skipnumbers=\count344
\lst@framebox=\box72
) (C:\Users\João Marcelino\AppData\Local\Programs\MiKTeX\tex/latex/listings\listings.cfg
File: listings.cfg 2024/05/25 1.10b listings configuration
))
Package: listings 2024/05/25 1.10b (Carsten Heinz)
 (C:\Users\João Marcelino\AppData\Local\Programs\MiKTeX\tex/latex/pgf/frontendlayer\tikz.sty (C:\Users\João Marcelino\AppData\Local\Programs\MiKTeX\tex/latex/pgf/basiclayer\pgf.sty (C:\Users\João Marcelino\AppData\Local\Programs\MiKTeX\tex/latex/pgf/utilities\pgfrcs.sty (C:\Users\João Marcelino\AppData\Local\Programs\MiKTeX\tex/generic/pgf/utilities\pgfutil-common.tex
\pgfutil@everybye=\toks36
\pgfutil@tempdima=\dimen270
\pgfutil@tempdimb=\dimen271
) (C:\Users\João Marcelino\AppData\Local\Programs\MiKTeX\tex/generic/pgf/utilities\pgfutil-latex.def
\pgfutil@abb=\box73
) (C:\Users\João Marcelino\AppData\Local\Programs\MiKTeX\tex/generic/pgf/utilities\pgfrcs.code.tex (C:\Users\João Marcelino\AppData\Local\Programs\MiKTeX\tex/generic/pgf\pgf.revision.tex)
Package: pgfrcs 2023-01-15 v3.1.10 (3.1.10)
))
Package: pgf 2023-01-15 v3.1.10 (3.1.10)
 (C:\Users\João Marcelino\AppData\Local\Programs\MiKTeX\tex/latex/pgf/basiclayer\pgfcore.sty (C:\Users\João Marcelino\AppData\Local\Programs\MiKTeX\tex/latex/pgf/systemlayer\pgfsys.sty (C:\Users\João Marcelino\AppData\Local\Programs\MiKTeX\tex/generic/pgf/systemlayer\pgfsys.code.tex
Package: pgfsys 2023-01-15 v3.1.10 (3.1.10)
 (C:\Users\João Marcelino\AppData\Local\Programs\MiKTeX\tex/generic/pgf/utilities\pgfkeys.code.tex
\pgfkeys@pathtoks=\toks37
\pgfkeys@temptoks=\toks38
 (C:\Users\João Marcelino\AppData\Local\Programs\MiKTeX\tex/generic/pgf/utilities\pgfkeyslibraryfiltered.code.tex
\pgfkeys@tmptoks=\toks39
))
\pgf@x=\dimen272
\pgf@y=\dimen273
\pgf@xa=\dimen274
\pgf@ya=\dimen275
\pgf@xb=\dimen276
\pgf@yb=\dimen277
\pgf@xc=\dimen278
\pgf@yc=\dimen279
\pgf@xd=\dimen280
\pgf@yd=\dimen281
\w@pgf@writea=\write3
\r@pgf@reada=\read3
\c@pgf@counta=\count345
\c@pgf@countb=\count346
\c@pgf@countc=\count347
\c@pgf@countd=\count348
\t@pgf@toka=\toks40
\t@pgf@tokb=\toks41
\t@pgf@tokc=\toks42
\pgf@sys@id@count=\count349
 (C:\Users\João Marcelino\AppData\Local\Programs\MiKTeX\tex/generic/pgf/systemlayer\pgf.cfg
File: pgf.cfg 2023-01-15 v3.1.10 (3.1.10)
)
Driver file for pgf: pgfsys-pdftex.def
 (C:\Users\João Marcelino\AppData\Local\Programs\MiKTeX\tex/generic/pgf/systemlayer\pgfsys-pdftex.def
File: pgfsys-pdftex.def 2023-01-15 v3.1.10 (3.1.10)
 (C:\Users\João Marcelino\AppData\Local\Programs\MiKTeX\tex/generic/pgf/systemlayer\pgfsys-common-pdf.def
File: pgfsys-common-pdf.def 2023-01-15 v3.1.10 (3.1.10)
))) (C:\Users\João Marcelino\AppData\Local\Programs\MiKTeX\tex/generic/pgf/systemlayer\pgfsyssoftpath.code.tex
File: pgfsyssoftpath.code.tex 2023-01-15 v3.1.10 (3.1.10)
\pgfsyssoftpath@smallbuffer@items=\count350
\pgfsyssoftpath@bigbuffer@items=\count351
) (C:\Users\João Marcelino\AppData\Local\Programs\MiKTeX\tex/generic/pgf/systemlayer\pgfsysprotocol.code.tex
File: pgfsysprotocol.code.tex 2023-01-15 v3.1.10 (3.1.10)
)) (C:\Users\João Marcelino\AppData\Local\Programs\MiKTeX\tex/generic/pgf/basiclayer\pgfcore.code.tex
Package: pgfcore 2023-01-15 v3.1.10 (3.1.10)
 (C:\Users\João Marcelino\AppData\Local\Programs\MiKTeX\tex/generic/pgf/math\pgfmath.code.tex (C:\Users\João Marcelino\AppData\Local\Programs\MiKTeX\tex/generic/pgf/math\pgfmathutil.code.tex) (C:\Users\João Marcelino\AppData\Local\Programs\MiKTeX\tex/generic/pgf/math\pgfmathparser.code.tex
\pgfmath@dimen=\dimen282
\pgfmath@count=\count352
\pgfmath@box=\box74
\pgfmath@toks=\toks43
\pgfmath@stack@operand=\toks44
\pgfmath@stack@operation=\toks45
) (C:\Users\João Marcelino\AppData\Local\Programs\MiKTeX\tex/generic/pgf/math\pgfmathfunctions.code.tex) (C:\Users\João Marcelino\AppData\Local\Programs\MiKTeX\tex/generic/pgf/math\pgfmathfunctions.basic.code.tex) (C:\Users\João Marcelino\AppData\Local\Programs\MiKTeX\tex/generic/pgf/math\pgfmathfunctions.trigonometric.code.tex) (C:\Users\João Marcelino\AppData\Local\Programs\MiKTeX\tex/generic/pgf/math\pgfmathfunctions.random.code.tex) (C:\Users\João Marcelino\AppData\Local\Programs\MiKTeX\tex/generic/pgf/math\pgfmathfunctions.comparison.code.tex) (C:\Users\João Marcelino\AppData\Local\Programs\MiKTeX\tex/generic/pgf/math\pgfmathfunctions.base.code.tex) (C:\Users\João Marcelino\AppData\Local\Programs\MiKTeX\tex/generic/pgf/math\pgfmathfunctions.round.code.tex) (C:\Users\João Marcelino\AppData\Local\Programs\MiKTeX\tex/generic/pgf/math\pgfmathfunctions.misc.code.tex) (C:\Users\João Marcelino\AppData\Local\Programs\MiKTeX\tex/generic/pgf/math\pgfmathfunctions.integerarithmetics.code.tex) (C:\Users\João Marcelino\AppData\Local\Programs\MiKTeX\tex/generic/pgf/math\pgfmathcalc.code.tex) (C:\Users\João Marcelino\AppData\Local\Programs\MiKTeX\tex/generic/pgf/math\pgfmathfloat.code.tex
\c@pgfmathroundto@lastzeros=\count353
)) (C:\Users\João Marcelino\AppData\Local\Programs\MiKTeX\tex/generic/pgf/math\pgfint.code.tex) (C:\Users\João Marcelino\AppData\Local\Programs\MiKTeX\tex/generic/pgf/basiclayer\pgfcorepoints.code.tex
File: pgfcorepoints.code.tex 2023-01-15 v3.1.10 (3.1.10)
\pgf@picminx=\dimen283
\pgf@picmaxx=\dimen284
\pgf@picminy=\dimen285
\pgf@picmaxy=\dimen286
\pgf@pathminx=\dimen287
\pgf@pathmaxx=\dimen288
\pgf@pathminy=\dimen289
\pgf@pathmaxy=\dimen290
\pgf@xx=\dimen291
\pgf@xy=\dimen292
\pgf@yx=\dimen293
\pgf@yy=\dimen294
\pgf@zx=\dimen295
\pgf@zy=\dimen296
) (C:\Users\João Marcelino\AppData\Local\Programs\MiKTeX\tex/generic/pgf/basiclayer\pgfcorepathconstruct.code.tex
File: pgfcorepathconstruct.code.tex 2023-01-15 v3.1.10 (3.1.10)
\pgf@path@lastx=\dimen297
\pgf@path@lasty=\dimen298
) (C:\Users\João Marcelino\AppData\Local\Programs\MiKTeX\tex/generic/pgf/basiclayer\pgfcorepathusage.code.tex
File: pgfcorepathusage.code.tex 2023-01-15 v3.1.10 (3.1.10)
\pgf@shorten@end@additional=\dimen299
\pgf@shorten@start@additional=\dimen300
) (C:\Users\João Marcelino\AppData\Local\Programs\MiKTeX\tex/generic/pgf/basiclayer\pgfcorescopes.code.tex
File: pgfcorescopes.code.tex 2023-01-15 v3.1.10 (3.1.10)
\pgfpic=\box75
\pgf@hbox=\box76
\pgf@layerbox@main=\box77
\pgf@picture@serial@count=\count354
) (C:\Users\João Marcelino\AppData\Local\Programs\MiKTeX\tex/generic/pgf/basiclayer\pgfcoregraphicstate.code.tex
File: pgfcoregraphicstate.code.tex 2023-01-15 v3.1.10 (3.1.10)
\pgflinewidth=\dimen301
)
(C:\Users\João Marcelino\AppData\Local\Programs\MiKTeX\tex/generic/pgf/basiclayer\pgfcoretransformations.code.tex
File: pgfcoretransformations.code.tex 2023-01-15 v3.1.10 (3.1.10)
\pgf@pt@x=\dimen302
\pgf@pt@y=\dimen303
\pgf@pt@temp=\dimen304
) (C:\Users\João Marcelino\AppData\Local\Programs\MiKTeX\tex/generic/pgf/basiclayer\pgfcorequick.code.tex
File: pgfcorequick.code.tex 2023-01-15 v3.1.10 (3.1.10)
) (C:\Users\João Marcelino\AppData\Local\Programs\MiKTeX\tex/generic/pgf/basiclayer\pgfcoreobjects.code.tex
File: pgfcoreobjects.code.tex 2023-01-15 v3.1.10 (3.1.10)
) (C:\Users\João Marcelino\AppData\Local\Programs\MiKTeX\tex/generic/pgf/basiclayer\pgfcorepathprocessing.code.tex
File: pgfcorepathprocessing.code.tex 2023-01-15 v3.1.10 (3.1.10)
) (C:\Users\João Marcelino\AppData\Local\Programs\MiKTeX\tex/generic/pgf/basiclayer\pgfcorearrows.code.tex
File: pgfcorearrows.code.tex 2023-01-15 v3.1.10 (3.1.10)
\pgfarrowsep=\dimen305
) (C:\Users\João Marcelino\AppData\Local\Programs\MiKTeX\tex/generic/pgf/basiclayer\pgfcoreshade.code.tex
File: pgfcoreshade.code.tex 2023-01-15 v3.1.10 (3.1.10)
\pgf@max=\dimen306
\pgf@sys@shading@range@num=\count355
\pgf@shadingcount=\count356
) (C:\Users\João Marcelino\AppData\Local\Programs\MiKTeX\tex/generic/pgf/basiclayer\pgfcoreimage.code.tex
File: pgfcoreimage.code.tex 2023-01-15 v3.1.10 (3.1.10)
) (C:\Users\João Marcelino\AppData\Local\Programs\MiKTeX\tex/generic/pgf/basiclayer\pgfcoreexternal.code.tex
File: pgfcoreexternal.code.tex 2023-01-15 v3.1.10 (3.1.10)
\pgfexternal@startupbox=\box78
) (C:\Users\João Marcelino\AppData\Local\Programs\MiKTeX\tex/generic/pgf/basiclayer\pgfcorelayers.code.tex
File: pgfcorelayers.code.tex 2023-01-15 v3.1.10 (3.1.10)
) (C:\Users\João Marcelino\AppData\Local\Programs\MiKTeX\tex/generic/pgf/basiclayer\pgfcoretransparency.code.tex
File: pgfcoretransparency.code.tex 2023-01-15 v3.1.10 (3.1.10)
) (C:\Users\João Marcelino\AppData\Local\Programs\MiKTeX\tex/generic/pgf/basiclayer\pgfcorepatterns.code.tex
File: pgfcorepatterns.code.tex 2023-01-15 v3.1.10 (3.1.10)
) (C:\Users\João Marcelino\AppData\Local\Programs\MiKTeX\tex/generic/pgf/basiclayer\pgfcorerdf.code.tex
File: pgfcorerdf.code.tex 2023-01-15 v3.1.10 (3.1.10)
))) (C:\Users\João Marcelino\AppData\Local\Programs\MiKTeX\tex/generic/pgf/modules\pgfmoduleshapes.code.tex
File: pgfmoduleshapes.code.tex 2023-01-15 v3.1.10 (3.1.10)
\pgfnodeparttextbox=\box79
) (C:\Users\João Marcelino\AppData\Local\Programs\MiKTeX\tex/generic/pgf/modules\pgfmoduleplot.code.tex
File: pgfmoduleplot.code.tex 2023-01-15 v3.1.10 (3.1.10)
) (C:\Users\João Marcelino\AppData\Local\Programs\MiKTeX\tex/latex/pgf/compatibility\pgfcomp-version-0-65.sty
Package: pgfcomp-version-0-65 2023-01-15 v3.1.10 (3.1.10)
\pgf@nodesepstart=\dimen307
\pgf@nodesepend=\dimen308
) (C:\Users\João Marcelino\AppData\Local\Programs\MiKTeX\tex/latex/pgf/compatibility\pgfcomp-version-1-18.sty
Package: pgfcomp-version-1-18 2023-01-15 v3.1.10 (3.1.10)
)) (C:\Users\João Marcelino\AppData\Local\Programs\MiKTeX\tex/latex/pgf/utilities\pgffor.sty (C:\Users\João Marcelino\AppData\Local\Programs\MiKTeX\tex/latex/pgf/utilities\pgfkeys.sty (C:\Users\João Marcelino\AppData\Local\Programs\MiKTeX\tex/generic/pgf/utilities\pgfkeys.code.tex)) (C:\Users\João Marcelino\AppData\Local\Programs\MiKTeX\tex/latex/pgf/math\pgfmath.sty (C:\Users\João Marcelino\AppData\Local\Programs\MiKTeX\tex/generic/pgf/math\pgfmath.code.tex)) (C:\Users\João Marcelino\AppData\Local\Programs\MiKTeX\tex/generic/pgf/utilities\pgffor.code.tex
Package: pgffor 2023-01-15 v3.1.10 (3.1.10)
\pgffor@iter=\dimen309
\pgffor@skip=\dimen310
\pgffor@stack=\toks46
\pgffor@toks=\toks47
)) (C:\Users\João Marcelino\AppData\Local\Programs\MiKTeX\tex/generic/pgf/frontendlayer/tikz\tikz.code.tex
Package: tikz 2023-01-15 v3.1.10 (3.1.10)
 (C:\Users\João Marcelino\AppData\Local\Programs\MiKTeX\tex/generic/pgf/libraries\pgflibraryplothandlers.code.tex
File: pgflibraryplothandlers.code.tex 2023-01-15 v3.1.10 (3.1.10)
\pgf@plot@mark@count=\count357
\pgfplotmarksize=\dimen311
)
\tikz@lastx=\dimen312
\tikz@lasty=\dimen313
\tikz@lastxsaved=\dimen314
\tikz@lastysaved=\dimen315
\tikz@lastmovetox=\dimen316
\tikz@lastmovetoy=\dimen317
\tikzleveldistance=\dimen318
\tikzsiblingdistance=\dimen319
\tikz@figbox=\box80
\tikz@figbox@bg=\box81
\tikz@tempbox=\box82
\tikz@tempbox@bg=\box83
\tikztreelevel=\count358
\tikznumberofchildren=\count359
\tikznumberofcurrentchild=\count360
\tikz@fig@count=\count361
 (C:\Users\João Marcelino\AppData\Local\Programs\MiKTeX\tex/generic/pgf/modules\pgfmodulematrix.code.tex
File: pgfmodulematrix.code.tex 2023-01-15 v3.1.10 (3.1.10)
\pgfmatrixcurrentrow=\count362
\pgfmatrixcurrentcolumn=\count363
\pgf@matrix@numberofcolumns=\count364
)
\tikz@expandcount=\count365
 (C:\Users\João Marcelino\AppData\Local\Programs\MiKTeX\tex/generic/pgf/frontendlayer/tikz/libraries\tikzlibrarytopaths.code.tex
File: tikzlibrarytopaths.code.tex 2023-01-15 v3.1.10 (3.1.10)
))) (C:\Users\João Marcelino\AppData\Local\Programs\MiKTeX\tex/latex/glossaries/base\glossaries.sty
Package: glossaries 2024/04/03 v4.54 (NLCT)
 (C:\Users\João Marcelino\AppData\Local\Programs\MiKTeX\tex/latex/xkeyval\xkeyval.sty
Package: xkeyval 2022/06/16 v2.9 package option processing (HA)
 (C:\Users\João Marcelino\AppData\Local\Programs\MiKTeX\tex/generic/xkeyval\xkeyval.tex (C:\Users\João Marcelino\AppData\Local\Programs\MiKTeX\tex/generic/xkeyval\xkvutils.tex
\XKV@toks=\toks48
\XKV@tempa@toks=\toks49
)
\XKV@depth=\count366
File: xkeyval.tex 2014/12/03 v2.7a key=value parser (HA)
)) (C:\Users\João Marcelino\AppData\Local\Programs\MiKTeX\tex/latex/mfirstuc\mfirstuc.sty
Package: mfirstuc 2022/10/14 v2.08 (NLCT)
\@glsmfirst=\toks50
\@glsmrest=\toks51
) (C:\Users\João Marcelino\AppData\Local\Programs\MiKTeX\tex/latex/xfor\xfor.sty
Package: xfor 2009/02/05 v1.05 (NLCT)
) (C:\Users\João Marcelino\AppData\Local\Programs\MiKTeX\tex/latex/datatool\datatool-base.sty
Package: datatool-base 2019/09/27 v2.32 (NLCT)
 (C:\Users\João Marcelino\AppData\Local\Programs\MiKTeX\tex/latex/substr\substr.sty
Package: substr 2009/10/20 v1.2 Handle substrings
\c@su@anzahl=\count367
) (C:\Users\João Marcelino\AppData\Local\Programs\MiKTeX\tex/latex/datatool\datatool-fp.sty
Package: datatool-fp 2019/09/27 v2.32 (NLCT)
 (C:\Users\João Marcelino\AppData\Local\Programs\MiKTeX\tex/latex/fp\fp.sty
Package: fp 1995/04/02
 `Fixed Point Package', Version 0.8, April 2, 1995 (C) Michael Mehlich (C:\Users\João Marcelino\AppData\Local\Programs\MiKTeX\tex/latex/fp\defpattern.sty
Package: defpattern 1994/10/12
\actioncount=\count368
) (C:\Users\João Marcelino\AppData\Local\Programs\MiKTeX\tex/latex/fp\fp-basic.sty
Package: fp-basic 1996/05/13
\FP@xs=\count369
\FP@xia=\count370
\FP@xib=\count371
\FP@xfa=\count372
\FP@xfb=\count373
\FP@rega=\count374
\FP@regb=\count375
\FP@regs=\count376
\FP@times=\count377
) (C:\Users\João Marcelino\AppData\Local\Programs\MiKTeX\tex/latex/fp\fp-addons.sty
Package: fp-addons 1995/03/15
) (C:\Users\João Marcelino\AppData\Local\Programs\MiKTeX\tex/latex/fp\fp-snap.sty
Package: fp-snap 1995/04/05
) (C:\Users\João Marcelino\AppData\Local\Programs\MiKTeX\tex/latex/fp\fp-exp.sty
Package: fp-exp 1995/04/03
) (C:\Users\João Marcelino\AppData\Local\Programs\MiKTeX\tex/latex/fp\fp-trigo.sty
Package: fp-trigo 1995/04/14
) (C:\Users\João Marcelino\AppData\Local\Programs\MiKTeX\tex/latex/fp\fp-pas.sty
Package: fp-pas 1994/08/29
) (C:\Users\João Marcelino\AppData\Local\Programs\MiKTeX\tex/latex/fp\fp-random.sty
Package: fp-random 1995/02/23
\FPseed=\count378
) (C:\Users\João Marcelino\AppData\Local\Programs\MiKTeX\tex/latex/fp\fp-eqn.sty
Package: fp-eqn 1995/04/03
) (C:\Users\João Marcelino\AppData\Local\Programs\MiKTeX\tex/latex/fp\fp-upn.sty
Package: fp-upn 1996/10/21
) (C:\Users\João Marcelino\AppData\Local\Programs\MiKTeX\tex/latex/fp\fp-eval.sty
Package: fp-eval 1995/04/03
)))
\@dtl@toks=\toks52
\@dtl@tmpcount=\count379
\dtl@tmplength=\skip97
\dtl@sortresult=\count380
\@dtl@numgrpsepcount=\count381
\@dtl@datatype=\count382
\dtl@codeA=\count383
\dtl@codeB=\count384
\@dtl@foreach@level=\count385
)
\gls@level=\count386
\@gls@tmpb=\toks53
\gls@tmplen=\skip98
\glskeylisttok=\toks54
\glslabeltok=\toks55
\glsshorttok=\toks56
\glslongtok=\toks57
 (C:\Users\João Marcelino\AppData\Local\Programs\MiKTeX\tex/latex/glossaries/styles\glossary-hypernav.sty
Package: glossary-hypernav 2024/04/03 v4.54 (NLCT)
) (C:\Users\João Marcelino\AppData\Local\Programs\MiKTeX\tex/latex/glossaries/styles\glossary-list.sty
Package: glossary-list 2024/04/03 v4.54 (NLCT)
\glslistdottedwidth=\skip99
) (C:\Users\João Marcelino\AppData\Local\Programs\MiKTeX\tex/latex/glossaries/styles\glossary-long.sty
Package: glossary-long 2024/04/03 v4.54 (NLCT)
 (C:\Users\João Marcelino\AppData\Local\Programs\MiKTeX\tex/latex/tools\longtable.sty
Package: longtable 2024-04-26 v4.20 Multi-page Table package (DPC)
\LTleft=\skip100
\LTright=\skip101
\LTpre=\skip102
\LTpost=\skip103
\LTchunksize=\count387
\LTcapwidth=\dimen320
\LT@head=\box84
\LT@firsthead=\box85
\LT@foot=\box86
\LT@lastfoot=\box87
\LT@gbox=\box88
\LT@cols=\count388
\LT@rows=\count389
\c@LT@tables=\count390
\c@LT@chunks=\count391
\LT@p@ftn=\toks58
)
\glsdescwidth=\skip104
\glspagelistwidth=\skip105
) (C:\Users\João Marcelino\AppData\Local\Programs\MiKTeX\tex/latex/glossaries/styles\glossary-super.sty
Package: glossary-super 2024/04/03 v4.54 (NLCT)
 (C:\Users\João Marcelino\AppData\Local\Programs\MiKTeX\tex/latex/supertabular\supertabular.sty
Package: supertabular 2024/07/20 v4.2c the supertabular environment
\c@tracingst=\count392
\ST@wd=\dimen321
\ST@rightskip=\skip106
\ST@leftskip=\skip107
\ST@parfillskip=\skip108
\ST@pageleft=\dimen322
\ST@headht=\dimen323
\ST@tailht=\dimen324
\ST@pagesofar=\dimen325
\ST@pboxht=\dimen326
\ST@rowht=\dimen327
\ST@prevht=\dimen328
\ST@toadd=\dimen329
\ST@dimen=\dimen330
\ST@pbox=\box89
)) (C:\Users\João Marcelino\AppData\Local\Programs\MiKTeX\tex/latex/glossaries/styles\glossary-tree.sty
Package: glossary-tree 2024/04/03 v4.54 (NLCT)
\glstreeindent=\skip109
))
\glswrite=\write4
\glo@main@file=\write5
\openout5 = `thesis_jpm_22.5G_MPG_3nm.glo'.

Package glossaries Info: Writing glossary file thesis_jpm_22.5G_MPG_3nm.glo on input line 43.
\glo@acronym@file=\write6
\openout6 = `thesis_jpm_22.5G_MPG_3nm.acn'.

Package glossaries Info: Writing glossary file thesis_jpm_22.5G_MPG_3nm.acn on input line 43.
\glo@notation@file=\write7
\openout7 = `thesis_jpm_22.5G_MPG_3nm.ntn'.

Package glossaries Info: Writing glossary file thesis_jpm_22.5G_MPG_3nm.ntn on input line 43.
Package translations Info: No language package found. I am going to use `english' as default language. on input line 152.
LaTeX Font Info:    Trying to load font information for OT1+ptm on input line 152.
 (C:\Users\João Marcelino\AppData\Local\Programs\MiKTeX\tex/latex/psnfss\ot1ptm.fd
File: ot1ptm.fd 2001/06/04 font definitions for OT1/ptm.
) (thesis_jpm_22.5G_MPG_3nm.aux)
\openout1 = `thesis_jpm_22.5G_MPG_3nm.aux'.

LaTeX Font Info:    Checking defaults for OML/cmm/m/it on input line 152.
LaTeX Font Info:    ... okay on input line 152.
LaTeX Font Info:    Checking defaults for OMS/cmsy/m/n on input line 152.
LaTeX Font Info:    ... okay on input line 152.
LaTeX Font Info:    Checking defaults for OT1/cmr/m/n on input line 152.
LaTeX Font Info:    ... okay on input line 152.
LaTeX Font Info:    Checking defaults for T1/cmr/m/n on input line 152.
LaTeX Font Info:    ... okay on input line 152.
LaTeX Font Info:    Checking defaults for TS1/cmr/m/n on input line 152.
LaTeX Font Info:    ... okay on input line 152.
LaTeX Font Info:    Checking defaults for OMX/cmex/m/n on input line 152.
LaTeX Font Info:    ... okay on input line 152.
LaTeX Font Info:    Checking defaults for U/cmr/m/n on input line 152.
LaTeX Font Info:    ... okay on input line 152.
LaTeX Font Info:    Checking defaults for PD1/pdf/m/n on input line 152.
LaTeX Font Info:    ... okay on input line 152.
LaTeX Font Info:    Checking defaults for PU/pdf/m/n on input line 152.
LaTeX Font Info:    ... okay on input line 152.

*geometry* driver: auto-detecting
*geometry* detected driver: pdftex
*geometry* verbose mode - [ preamble ] result:
* driver: pdftex
* paper: a4paper
* layout: <same size as paper>
* layoutoffset:(h,v)=(0.0pt,0.0pt)
* modes: 
* h-part:(L,W,R)=(71.13188pt, 455.24411pt, 71.13188pt)
* v-part:(T,H,B)=(71.13188pt, 702.78308pt, 71.13188pt)
* \paperwidth=597.50787pt
* \paperheight=845.04684pt
* \textwidth=455.24411pt
* \textheight=702.78308pt
* \oddsidemargin=-1.1381pt
* \evensidemargin=-1.1381pt
* \topmargin=-38.1381pt
* \headheight=14.5pt
* \headsep=25.0pt
* \topskip=11.0pt
* \footskip=30.0pt
* \marginparwidth=50.0pt
* \marginparsep=10.0pt
* \columnsep=10.0pt
* \skip\footins=10.0pt plus 4.0pt minus 2.0pt
* \hoffset=0.0pt
* \voffset=0.0pt
* \mag=1000
* \@twocolumnfalse
* \@twosidefalse
* \@mparswitchfalse
* \@reversemarginfalse
* (1in=72.27pt=25.4mm, 1cm=28.453pt)

(C:\Users\João Marcelino\AppData\Local\Programs\MiKTeX\tex/context/base/mkii\supp-pdf.mkii
[Loading MPS to PDF converter (version 2006.09.02).]
\scratchcounter=\count393
\scratchdimen=\dimen331
\scratchbox=\box90
\nofMPsegments=\count394
\nofMParguments=\count395
\everyMPshowfont=\toks59
\MPscratchCnt=\count396
\MPscratchDim=\dimen332
\MPnumerator=\count397
\makeMPintoPDFobject=\count398
\everyMPtoPDFconversion=\toks60
) (C:\Users\João Marcelino\AppData\Local\Programs\MiKTeX\tex/latex/epstopdf-pkg\epstopdf-base.sty
Package: epstopdf-base 2020-01-24 v2.11 Base part for package epstopdf
Package epstopdf-base Info: Redefining graphics rule for `.eps' on input line 485.
 (C:\Users\João Marcelino\AppData\Local\Programs\MiKTeX\tex/latex/00miktex\epstopdf-sys.cfg
File: epstopdf-sys.cfg 2021/03/18 v2.0 Configuration of epstopdf for MiKTeX
))
Package caption Info: Begin \AtBeginDocument code.
Package caption Info: float package is loaded.
Package caption Info: hyperref package is loaded.
Package caption Info: listings package is loaded.
Package caption Info: longtable package is loaded.
 (C:\Users\João Marcelino\AppData\Local\Programs\MiKTeX\tex/latex/caption\ltcaption.sty
Package: ltcaption 2021/01/08 v1.4c longtable captions (AR)
)
Package caption Info: supertabular package is loaded.
Package caption Info: threeparttable package is loaded.
Package caption Info: End \AtBeginDocument code.
LaTeX Info: Redefining \microtypecontext on input line 152.
Package microtype Info: Applying patch `item' on input line 152.
Package microtype Info: Applying patch `toc' on input line 152.
Package microtype Info: Applying patch `eqnum' on input line 152.
Package microtype Info: Applying patch `footnote' on input line 152.
Package microtype Info: Applying patch `verbatim' on input line 152.
Package microtype Info: Generating PDF output.
Package microtype Info: Character protrusion enabled (level 2).
Package microtype Info: Using default protrusion set `alltext'.
Package microtype Info: Automatic font expansion enabled (level 2),
(microtype)             stretch: 20, shrink: 20, step: 1, non-selected.
Package microtype Info: Using default expansion set `alltext-nott'.
LaTeX Info: Redefining \showhyphens on input line 152.
Package microtype Info: No adjustment of tracking.
Package microtype Info: No adjustment of interword spacing.
Package microtype Info: No adjustment of character kerning.
 (C:\Users\João Marcelino\AppData\Local\Programs\MiKTeX\tex/latex/microtype\mt-ptm.cfg
File: mt-ptm.cfg 2006/04/20 v1.7 microtype config. file: Times (RS)
)
Package hyperref Info: Link coloring OFF on input line 152.
 (C:\Users\João Marcelino\AppData\Local\Programs\MiKTeX\tex/latex/translations/dicts\translations-basic-dictionary-english.trsl
File: translations-basic-dictionary-english.trsl (english translation file `translations-basic-dictionary')
)
Package translations Info: loading dictionary `translations-basic-dictionary' for `english'. on input line 152.
\symgns@font=\mathgroup6
LaTeX Font Info:    Overwriting symbol font `gns@font' in version `bold'
(Font)                  TS1/ptm/m/n --> TS1/ptm/b/n on input line 152.
Package gensymb Info: Math companion symbols declared on input line 152.
LaTeX Info: Redefining \degree on input line 152.
LaTeX Info: Redefining \celsius on input line 152.
Package gensymb Info: Using text companion symbols for \degree, \celsius and \perthousand on input line 152.
LaTeX Info: Redefining \ohm on input line 152.
Package gensymb Info: Using \textohm for \ohm on input line 152.
LaTeX Info: Redefining \micro on input line 152.
Package gensymb Info: Using \textmu for \micro on input line 152.
\c@lstlisting=\count399
 (thesis_jpm_22.5G_MPG_3nm.glsdefs)
<figures/university-logo.png, id=6, 1284.8pt x 722.7pt>
File: figures/university-logo.png Graphic file (type png)
<use figures/university-logo.png>
Package pdftex.def Info: figures/university-logo.png  used on input line 154.
(pdftex.def)             Requested size: 136.57462pt x 76.81755pt.


[1

\openout4 = `thesis_jpm_22.5G_MPG_3nm.xdy'.

{C:/Users/João Marcelino/AppData/Local/MiKTeX/fonts/map/pdftex/pdftex.map}{C:/Users/João Marcelino/AppData/Local/Programs/MiKTeX/fonts/enc/dvips/base/8r.enc} <./figures/university-logo.png>] (sections/copyright.tex)


pdfTeX warning (ext4): destination with the same identifier (name{page.1}) has been already used, duplicate ignored
<to be read again> 
                   \relax 
l.158 \copyrightpage
                     [1] (sections/abstract.tex (C:\Users\João Marcelino\AppData\Local\Programs\MiKTeX\tex/latex/microtype\mt-cmr.cfg
File: mt-cmr.cfg 2013/05/19 v2.2 microtype config. file: Computer Modern Roman (RS)
)
LaTeX Font Info:    Trying to load font information for U+msa on input line 5.
 (C:\Users\João Marcelino\AppData\Local\Programs\MiKTeX\tex/latex/amsfonts\umsa.fd
File: umsa.fd 2013/01/14 v3.01 AMS symbols A
) (C:\Users\João Marcelino\AppData\Local\Programs\MiKTeX\tex/latex/microtype\mt-msa.cfg
File: mt-msa.cfg 2006/02/04 v1.1 microtype config. file: AMS symbols (a) (RS)
)
LaTeX Font Info:    Trying to load font information for U+msb on input line 5.
 (C:\Users\João Marcelino\AppData\Local\Programs\MiKTeX\tex/latex/amsfonts\umsb.fd
File: umsb.fd 2013/01/14 v3.01 AMS symbols B
) (C:\Users\João Marcelino\AppData\Local\Programs\MiKTeX\tex/latex/microtype\mt-msb.cfg
File: mt-msb.cfg 2005/06/01 v1.0 microtype config. file: AMS symbols (b) (RS)
)
LaTeX Font Info:    Trying to load font information for TS1+ptm on input line 5.
 (C:\Users\João Marcelino\AppData\Local\Programs\MiKTeX\tex/latex/psnfss\ts1ptm.fd
File: ts1ptm.fd 2001/06/04 font definitions for TS1/ptm.
))

[1


] (sections/resumo.tex)

[2


] (sections/acknowledgements.tex) (glossary.tex
\@gls@deffile=\write8
\openout8 = `thesis_jpm_22.5G_MPG_3nm.glsdefs'.

 (thesis_jpm_22.5G_MPG_3nm.acr

[3


]) (thesis_jpm_22.5G_MPG_3nm.not

[4


]
Overfull \vbox (29.742pt too high) has occurred while \output is active []



[5])
Overfull \hbox (23.99998pt too wide) in paragraph at lines 25--132
[] 
 []

)

[6


] (thesis_jpm_22.5G_MPG_3nm.toc
LaTeX Font Info:    Trying to load font information for OT1+pcr on input line 27.
 (C:\Users\João Marcelino\AppData\Local\Programs\MiKTeX\tex/latex/psnfss\ot1pcr.fd
File: ot1pcr.fd 2001/06/04 font definitions for OT1/pcr.
)
Package microtype Info: Loading generic protrusion settings for font family
(microtype)             `pcr' (encoding: OT1).
(microtype)             For optimal results, create family-specific settings.
(microtype)             See the microtype manual for details.


[7

]

[8])
\tf@toc=\write9
\openout9 = `thesis_jpm_22.5G_MPG_3nm.toc'.



[9] (thesis_jpm_22.5G_MPG_3nm.lof

[10


])
\tf@lof=\write10
\openout10 = `thesis_jpm_22.5G_MPG_3nm.lof'.



[11] (thesis_jpm_22.5G_MPG_3nm.lot)
\tf@lot=\write11
\openout11 = `thesis_jpm_22.5G_MPG_3nm.lot'.



[12


]
Chapter 1.
(sections/introduction.tex)


pdfTeX warning (ext4): destination with the same identifier (name{page.1}) has been already used, duplicate ignored
<to be read again> 
                   \relax 
l.194 \cleardoublepage
                       [1


]
Chapter 2.
(sections/stateoftheart.tex

[2


]

[3]
<figures/Schematics/CSI_delay_example.png, id=463, 1952.79562pt x 955.31906pt>
File: figures/Schematics/CSI_delay_example.png Graphic file (type png)
<use figures/Schematics/CSI_delay_example.png>
Package pdftex.def Info: figures/Schematics/CSI_delay_example.png  used on input line 51.
(pdftex.def)             Requested size: 318.66948pt x 155.88618pt.
<figures/Schematics/SCI_delay_example.png, id=471, 548.64975pt x 208.3785pt>
File: figures/Schematics/SCI_delay_example.png Graphic file (type png)
<use figures/Schematics/SCI_delay_example.png>
Package pdftex.def Info: figures/Schematics/SCI_delay_example.png  used on input line 64.
(pdftex.def)             Requested size: 318.66948pt x 121.03448pt.


[4 <./figures/Schematics/CSI_delay_example.png>]
Overfull \hbox (22.20645pt too wide) detected at line 108
 \OT1/ptm/m/n/10.95 /0.88 
 []


Overfull \hbox (5.475pt too wide) detected at line 108
$\OT1/cmr/m/n/10.95 22$
 []


Overfull \hbox (27.68144pt too wide) detected at line 108
 \OT1/ptm/m/n/10.95 /0.863 
 []


Overfull \hbox (5.475pt too wide) detected at line 108
$\OT1/cmr/m/n/10.95 43$
 []


Overfull \hbox (5.475pt too wide) detected at line 108
$\OT1/cmr/m/n/10.95 21$
 []


Overfull \hbox (4.5pt too wide) detected at line 108
 $[]$ 
 []


Overfull \hbox (5.475pt too wide) detected at line 108
$\OT1/cmr/m/n/10.95 15$
 []


Overfull \hbox (4.05196pt too wide) detected at line 108
 $[]$ 
 []


Overfull \hbox (5.475pt too wide) detected at line 108
$\OT1/cmr/m/n/10.95 18$
 []


Overfull \hbox (4.5pt too wide) detected at line 108
 $[]$ 
 []

)

[5 <./figures/Schematics/SCI_delay_example.png>]
Chapter 3.
(sections/methods.tex

[6


])

[7]
Chapter 4.
(sections/results.tex

[8


]

[9]

[10]
<figures/Schematics/switch_cap_SCI.png, id=582, 481.92046pt x 345.2097pt>
File: figures/Schematics/switch_cap_SCI.png Graphic file (type png)
<use figures/Schematics/switch_cap_SCI.png>
Package pdftex.def Info: figures/Schematics/switch_cap_SCI.png  used on input line 142.
(pdftex.def)             Requested size: 318.66948pt x 228.27103pt.


[11 <./figures/Schematics/switch_cap_SCI.png>]
<figures/Schematics/clock_generation_half_V0.png, id=600, 449.2785pt x 106.83916pt>
File: figures/Schematics/clock_generation_half_V0.png Graphic file (type png)
<use figures/Schematics/clock_generation_half_V0.png>
Package pdftex.def Info: figures/Schematics/clock_generation_half_V0.png  used on input line 174.
(pdftex.def)             Requested size: 364.19667pt x 86.61096pt.


[12 <./figures/Schematics/clock_generation_half_V0.png>]

[13]

[14]

[15]
<figures/Results/FF_8out_3nm_idealswitches-Phase90_tuning_PVT_SomeN.png, id=667, 631.27844pt x 512.3943pt>
File: figures/Results/FF_8out_3nm_idealswitches-Phase90_tuning_PVT_SomeN.png Graphic file (type png)
<use figures/Results/FF_8out_3nm_idealswitches-Phase90_tuning_PVT_SomeN.png>
Package pdftex.def Info: figures/Results/FF_8out_3nm_idealswitches-Phase90_tuning_PVT_SomeN.png  used on input line 311.
(pdftex.def)             Requested size: 204.85846pt x 166.27599pt.
<figures/Results/FF_8out_PPNN-DCDWithCap.png, id=668, 661.39095pt x 512.3943pt>
File: figures/Results/FF_8out_PPNN-DCDWithCap.png Graphic file (type png)
<use figures/Results/FF_8out_PPNN-DCDWithCap.png>
Package pdftex.def Info: figures/Results/FF_8out_PPNN-DCDWithCap.png  used on input line 318.
(pdftex.def)             Requested size: 204.85846pt x 158.70767pt.


[16]

[17 <./figures/Results/FF_8out_3nm_idealswitches-Phase90_tuning_PVT_SomeN.png> <./figures/Results/FF_8out_PPNN-DCDWithCap.png>]
<figures/Results/Cap_tests-CapVsCode.png, id=688, 641.2758pt x 512.3943pt>
File: figures/Results/Cap_tests-CapVsCode.png Graphic file (type png)
<use figures/Results/Cap_tests-CapVsCode.png>
Package pdftex.def Info: figures/Results/Cap_tests-CapVsCode.png  used on input line 355.
(pdftex.def)             Requested size: 204.85846pt x 163.68805pt.
<figures/Results/Cap_tests-CapVsVoltage.png, id=689, 621.2811pt x 512.3943pt>
File: figures/Results/Cap_tests-CapVsVoltage.png Graphic file (type png)
<use figures/Results/Cap_tests-CapVsVoltage.png>
Package pdftex.def Info: figures/Results/Cap_tests-CapVsVoltage.png  used on input line 362.
(pdftex.def)             Requested size: 204.85846pt x 168.95772pt.


[18 <./figures/Results/Cap_tests-CapVsCode.png> <./figures/Results/Cap_tests-CapVsVoltage.png>]
<figures/Results/FF_8out_PNPN-FightExample.png, id=700, 631.27844pt x 512.3943pt>
File: figures/Results/FF_8out_PNPN-FightExample.png Graphic file (type png)
<use figures/Results/FF_8out_PNPN-FightExample.png>
Package pdftex.def Info: figures/Results/FF_8out_PNPN-FightExample.png  used on input line 421.
(pdftex.def)             Requested size: 218.51521pt x 177.36261pt.
<figures/Schematics/pure_delay.png, id=701, 362.7954pt x 158.0304pt>
File: figures/Schematics/pure_delay.png Graphic file (type png)
<use figures/Schematics/pure_delay.png>
Package pdftex.def Info: figures/Schematics/pure_delay.png  used on input line 427.
(pdftex.def)             Requested size: 218.51521pt x 95.18549pt.


[19]
<figures/Schematics/mixF_design.png, id=707, 287.99596pt x 248.24745pt>
File: figures/Schematics/mixF_design.png Graphic file (type png)
<use figures/Schematics/mixF_design.png>
Package pdftex.def Info: figures/Schematics/mixF_design.png  used on input line 455.
(pdftex.def)             Requested size: 227.62206pt x 196.21182pt.


[20 <./figures/Results/FF_8out_PNPN-FightExample.png> <./figures/Schematics/pure_delay.png>]

[21 <./figures/Schematics/mixF_design.png>]

[22]
<figures/Schematics/div_V2_complete.png, id=738, 722.09775pt x 225.2415pt>
File: figures/Schematics/div_V2_complete.png Graphic file (type png)
<use figures/Schematics/div_V2_complete.png>
Package pdftex.def Info: figures/Schematics/div_V2_complete.png  used on input line 504.
(pdftex.def)             Requested size: 455.24411pt x 142.00255pt.
<figures/Schematics/sync_complete.png, id=739, 771.00044pt x 134.4222pt>
File: figures/Schematics/sync_complete.png Graphic file (type png)
<use figures/Schematics/sync_complete.png>
Package pdftex.def Info: figures/Schematics/sync_complete.png  used on input line 510.
(pdftex.def)             Requested size: 455.24411pt x 79.37198pt.


[23]

[24 <./figures/Schematics/div_V2_complete.png> <./figures/Schematics/sync_complete.png>]
<figures/Results/Final_HF_LF_MF-DCD_vs_switchingDelay.png, id=770, 688.0104pt x 513.96014pt>
File: figures/Results/Final_HF_LF_MF-DCD_vs_switchingDelay.png Graphic file (type png)
<use figures/Results/Final_HF_LF_MF-DCD_vs_switchingDelay.png>
Package pdftex.def Info: figures/Results/Final_HF_LF_MF-DCD_vs_switchingDelay.png  used on input line 543.
(pdftex.def)             Requested size: 182.09486pt x 136.02625pt.
<figures/Schematics/PhaseInterpolator_3paths.png, id=771, 196.0926pt x 167.9073pt>
File: figures/Schematics/PhaseInterpolator_3paths.png Graphic file (type png)
<use figures/Schematics/PhaseInterpolator_3paths.png>
Package pdftex.def Info: figures/Schematics/PhaseInterpolator_3paths.png  used on input line 552.
(pdftex.def)             Requested size: 136.57462pt x 116.95015pt.
<figures/Schematics/PhaseInterpolator_2paths.png, id=772, 203.68095pt x 197.65845pt>
File: figures/Schematics/PhaseInterpolator_2paths.png Graphic file (type png)
<use figures/Schematics/PhaseInterpolator_2paths.png>
Package pdftex.def Info: figures/Schematics/PhaseInterpolator_2paths.png  used on input line 559.
(pdftex.def)             Requested size: 136.57462pt x 132.53903pt.
<figures/Results/Final_HF_LF_MF-Pivot_Jee.png, id=780, 1052.9739pt x 527.571pt>
File: figures/Results/Final_HF_LF_MF-Pivot_Jee.png Graphic file (type png)
<use figures/Results/Final_HF_LF_MF-Pivot_Jee.png>
Package pdftex.def Info: figures/Results/Final_HF_LF_MF-Pivot_Jee.png  used on input line 574.
(pdftex.def)             Requested size: 364.19667pt x 182.47104pt.
<figures/Results/Final_HF_LF_MF-Pivot_CapCodes_HF.png, id=783, 1141.866pt x 557.6835pt>
File: figures/Results/Final_HF_LF_MF-Pivot_CapCodes_HF.png Graphic file (type png)
<use figures/Results/Final_HF_LF_MF-Pivot_CapCodes_HF.png>
Package pdftex.def Info: figures/Results/Final_HF_LF_MF-Pivot_CapCodes_HF.png  used on input line 580.
(pdftex.def)             Requested size: 364.19667pt x 177.8752pt.
<figures/Results/Final_HF_LF_MF-power_distributions_LFMFHF.png, id=788, 605.6226pt x 491.1951pt>
File: figures/Results/Final_HF_LF_MF-power_distributions_LFMFHF.png Graphic file (type png)
<use figures/Results/Final_HF_LF_MF-power_distributions_LFMFHF.png>
Package pdftex.def Info: figures/Results/Final_HF_LF_MF-power_distributions_LFMFHF.png  used on input line 586.
(pdftex.def)             Requested size: 182.09486pt x 147.68944pt.
)

[25 <./figures/Results/Final_HF_LF_MF-DCD_vs_switchingDelay.png>]

[26 <./figures/Schematics/PhaseInterpolator_3paths.png> <./figures/Schematics/PhaseInterpolator_2paths.png> <./figures/Results/Final_HF_LF_MF-Pivot_Jee.png>]

[27 <./figures/Results/Final_HF_LF_MF-Pivot_CapCodes_HF.png> <./figures/Results/Final_HF_LF_MF-power_distributions_LFMFHF.png>]
Chapter 5.
(sections/conclusions.tex

[28


])

[29] (thesis_jpm_22.5G_MPG_3nm.bbl

[30


])

[31]
Appendix A.
(sections/appendix_a.tex
<figures/Results/Previous Implementation-INL.png, id=849, 632.3625pt x 512.3943pt>
File: figures/Results/Previous Implementation-INL.png Graphic file (type png)
<use figures/Results/Previous Implementation-INL.png>
Package pdftex.def Info: figures/Results/Previous Implementation-INL.png  used on input line 8.
(pdftex.def)             Requested size: 182.09486pt x 147.54286pt.
<figures/Results/Previous Implementation-DelayAcrossCodesWithZoomIN.png, id=856, 632.48296pt x 512.3943pt>
File: figures/Results/Previous Implementation-DelayAcrossCodesWithZoomIN.png Graphic file (type png)
<use figures/Results/Previous Implementation-DelayAcrossCodesWithZoomIN.png>
Package pdftex.def Info: figures/Results/Previous Implementation-DelayAcrossCodesWithZoomIN.png  used on input line 15.
(pdftex.def)             Requested size: 182.09486pt x 147.51941pt.
<figures/Schematics/stacked_inverter-2.png, id=861, 125.14755pt x 294.25935pt>
File: figures/Schematics/stacked_inverter-2.png Graphic file (type png)
<use figures/Schematics/stacked_inverter-2.png>
Package pdftex.def Info: figures/Schematics/stacked_inverter-2.png  used on input line 24.
(pdftex.def)             Requested size: 136.57462pt x 321.14043pt.
<figures/Results/SCI-SwitchVoltageAndLoadingTime.png, id=862, 640.3122pt x 455.7828pt>
File: figures/Results/SCI-SwitchVoltageAndLoadingTime.png Graphic file (type png)
<use figures/Results/SCI-SwitchVoltageAndLoadingTime.png>
Package pdftex.def Info: figures/Results/SCI-SwitchVoltageAndLoadingTime.png  used on input line 31.
(pdftex.def)             Requested size: 227.62206pt x 162.0231pt.
<figures/Results/SCI-FallingEdgeDelay.png, id=863, 631.27844pt x 512.3943pt>
File: figures/Results/SCI-FallingEdgeDelay.png Graphic file (type png)
<use figures/Results/SCI-FallingEdgeDelay.png>
Package pdftex.def Info: figures/Results/SCI-FallingEdgeDelay.png  used on input line 38.
(pdftex.def)             Requested size: 227.62206pt x 184.75891pt.
<figures/Results/PI_8out_CSI-clock0Clock90MixingBuildingClock45.png, id=864, 531.1845pt x 512.3943pt>
File: figures/Results/PI_8out_CSI-clock0Clock90MixingBuildingClock45.png Graphic file (type png)
<use figures/Results/PI_8out_CSI-clock0Clock90MixingBuildingClock45.png>
Package pdftex.def Info: figures/Results/PI_8out_CSI-clock0Clock90MixingBuildingClock45.png  used on input line 45.
(pdftex.def)             Requested size: 227.62206pt x 219.57468pt.
<figures/Schematics/Tuning_principle.png, id=865, 420.25005pt x 227.28915pt>
File: figures/Schematics/Tuning_principle.png Graphic file (type png)
<use figures/Schematics/Tuning_principle.png>
Package pdftex.def Info: figures/Schematics/Tuning_principle.png  used on input line 52.
(pdftex.def)             Requested size: 364.19667pt x 196.9839pt.
<figures/Schematics/clock_generation_half_V2.png, id=866, 449.2785pt x 106.83916pt>
File: figures/Schematics/clock_generation_half_V2.png Graphic file (type png)
<use figures/Schematics/clock_generation_half_V2.png>
Package pdftex.def Info: figures/Schematics/clock_generation_half_V2.png  used on input line 59.
(pdftex.def)             Requested size: 364.19667pt x 86.61096pt.
<figures/Schematics/clock_generation_half_CSI.png, id=867, 449.2785pt x 93.4692pt>
File: figures/Schematics/clock_generation_half_CSI.png Graphic file (type png)
<use figures/Schematics/clock_generation_half_CSI.png>
Package pdftex.def Info: figures/Schematics/clock_generation_half_CSI.png  used on input line 66.
(pdftex.def)             Requested size: 364.19667pt x 75.77238pt.
<figures/Python/pi_fast_edges.png, id=868, 508.0581pt x 391.7034pt>
File: figures/Python/pi_fast_edges.png Graphic file (type png)
<use figures/Python/pi_fast_edges.png>
Package pdftex.def Info: figures/Python/pi_fast_edges.png  used on input line 75.
(pdftex.def)             Requested size: 182.09486pt x 140.39151pt.
<figures/Python/pi_slow_edges.png, id=869, 508.0581pt x 391.7034pt>
File: figures/Python/pi_slow_edges.png Graphic file (type png)
<use figures/Python/pi_slow_edges.png>
Package pdftex.def Info: figures/Python/pi_slow_edges.png  used on input line 82.
(pdftex.def)             Requested size: 182.09486pt x 140.39151pt.
<figures/Schematics/ff_csi_3out.png, id=872, 372.9132pt x 182.48175pt>
File: figures/Schematics/ff_csi_3out.png Graphic file (type png)
<use figures/Schematics/ff_csi_3out.png>
Package pdftex.def Info: figures/Schematics/ff_csi_3out.png  used on input line 92.
(pdftex.def)             Requested size: 273.14923pt x 133.66441pt.
<figures/Results/FF_3out_CSI_dynamicTuning-225And270TuningCapAndVb.png, id=873, 600.3228pt x 539.616pt>
File: figures/Results/FF_3out_CSI_dynamicTuning-225And270TuningCapAndVb.png Graphic file (type png)
<use figures/Results/FF_3out_CSI_dynamicTuning-225And270TuningCapAndVb.png>
Package pdftex.def Info: figures/Results/FF_3out_CSI_dynamicTuning-225And270TuningCapAndVb.png  used on input line 99.
(pdftex.def)             Requested size: 227.62206pt x 204.60335pt.
<figures/Schematics/ff_8out.png, id=876, 399.1713pt x 554.3109pt>
File: figures/Schematics/ff_8out.png Graphic file (type png)
<use figures/Schematics/ff_8out.png>
Package pdftex.def Info: figures/Schematics/ff_8out.png  used on input line 106.
(pdftex.def)             Requested size: 273.14923pt x 379.32005pt.
<figures/Schematics/2P2N_cap.png, id=877, 63.5976pt x 171.64125pt>
File: figures/Schematics/2P2N_cap.png Graphic file (type png)
<use figures/Schematics/2P2N_cap.png>
Package pdftex.def Info: figures/Schematics/2P2N_cap.png  used on input line 115.
(pdftex.def)             Requested size: 45.52718pt x 122.87706pt.
<figures/Schematics/Tgate_cap.png, id=878, 95.3964pt x 235.6002pt>
File: figures/Schematics/Tgate_cap.png Graphic file (type png)
<use figures/Schematics/Tgate_cap.png>
Package pdftex.def Info: figures/Schematics/Tgate_cap.png  used on input line 122.
(pdftex.def)             Requested size: 68.28383pt x 168.64697pt.
<figures/Schematics/PNPN_cap.png, id=879, 62.99535pt x 171.64125pt>
File: figures/Schematics/PNPN_cap.png Graphic file (type png)
<use figures/Schematics/PNPN_cap.png>
Package pdftex.def Info: figures/Schematics/PNPN_cap.png  used on input line 129.
(pdftex.def)             Requested size: 45.52718pt x 124.05038pt.
<figures/Schematics/2stage_divider.png, id=880, 307.26794pt x 352.79805pt>
File: figures/Schematics/2stage_divider.png Graphic file (type png)
<use figures/Schematics/2stage_divider.png>
Package pdftex.def Info: figures/Schematics/2stage_divider.png  used on input line 139.
(pdftex.def)             Requested size: 227.62206pt x 261.35178pt.
<figures/Schematics/reset_seq.png, id=881, 515.7669pt x 356.532pt>
File: figures/Schematics/reset_seq.png Graphic file (type png)
<use figures/Schematics/reset_seq.png>
Package pdftex.def Info: figures/Schematics/reset_seq.png  used on input line 146.
(pdftex.def)             Requested size: 455.24411pt x 314.70116pt.
)

[32


 <./figures/Results/Previous Implementation-INL.png> <./figures/Results/Previous Implementation-DelayAcrossCodesWithZoomIN.png> <./figures/Schematics/stacked_inverter-2.png>]

[33 <./figures/Results/SCI-SwitchVoltageAndLoadingTime.png> <./figures/Results/SCI-FallingEdgeDelay.png> <./figures/Results/PI_8out_CSI-clock0Clock90MixingBuildingClock45.png>]

[34 <./figures/Schematics/Tuning_principle.png> <./figures/Schematics/clock_generation_half_V2.png> <./figures/Schematics/clock_generation_half_CSI.png> <./figures/Python/pi_fast_edges.png> <./figures/Python/pi_slow_edges.png>]

[35 <./figures/Schematics/ff_csi_3out.png> <./figures/Results/FF_3out_CSI_dynamicTuning-225And270TuningCapAndVb.png>]

[36 <./figures/Schematics/ff_8out.png> <./figures/Schematics/2P2N_cap.png> <./figures/Schematics/Tgate_cap.png> <./figures/Schematics/PNPN_cap.png>]

[37 <./figures/Schematics/2stage_divider.png> <./figures/Schematics/reset_seq.png>] (sections/appendix_b.tex)

[38

] (sections/appendix_c.tex
<figures/Schematics/old_chain.png, id=937, 611.886pt x 195.129pt>
File: figures/Schematics/old_chain.png Graphic file (type png)
<use figures/Schematics/old_chain.png>
Package pdftex.def Info: figures/Schematics/old_chain.png  used on input line 10.
(pdftex.def)             Requested size: 364.19667pt x 116.1404pt.
<figures/Schematics/old_DAC.png, id=938, 529.85954pt x 245.83846pt>
File: figures/Schematics/old_DAC.png Graphic file (type png)
<use figures/Schematics/old_DAC.png>
Package pdftex.def Info: figures/Schematics/old_DAC.png  used on input line 17.
(pdftex.def)             Requested size: 364.19667pt x 168.97975pt.
)

[39

 <./figures/Schematics/old_chain.png> <./figures/Schematics/old_DAC.png>] (sections/appendix_d.tex)

[40

] (sections/appendix_e.tex)

[41

] (sections/appendix_f.tex
<figures/Schematics/input_demux.png, id=963, 318.10844pt x 118.16145pt>
File: figures/Schematics/input_demux.png Graphic file (type png)
<use figures/Schematics/input_demux.png>
Package pdftex.def Info: figures/Schematics/input_demux.png  used on input line 11.
(pdftex.def)             Requested size: 364.19667pt x 135.286pt.
<figures/Schematics/output_mux.png, id=965, 173.2071pt x 178.9887pt>
File: figures/Schematics/output_mux.png Graphic file (type png)
<use figures/Schematics/output_mux.png>
Package pdftex.def Info: figures/Schematics/output_mux.png  used on input line 23.
(pdftex.def)             Requested size: 136.57462pt x 141.13458pt.
)

[42

 <./figures/Schematics/input_demux.png>]

[43 <./figures/Schematics/output_mux.png>] (sections/appendix_g.tex (C:\Users\João Marcelino\AppData\Local\Programs\MiKTeX\tex/latex/listings\lstlang1.sty
File: lstlang1.sty 2024/05/25 1.10b listings language file
) (C:\Users\João Marcelino\AppData\Local\Programs\MiKTeX\tex/latex/listings\lstlang2.sty
File: lstlang2.sty 2024/05/25 1.10b listings language file
) (C:\Users\João Marcelino\AppData\Local\Programs\MiKTeX\tex/latex/listings\lstlang3.sty
File: lstlang3.sty 2024/05/25 1.10b listings language file
)
Package hyperref Info: bookmark level for unknown lstlisting defaults to 0 on input line 21.


[44

]

[45]
LaTeX Font Info:    Trying to load font information for TS1+pcr on input line 137.
 (C:\Users\João Marcelino\AppData\Local\Programs\MiKTeX\tex/latex/psnfss\ts1pcr.fd
File: ts1pcr.fd 2001/06/04 font definitions for TS1/pcr.
)
Package microtype Info: Loading generic protrusion settings for font family
(microtype)             `pcr' (encoding: TS1).
(microtype)             For optimal results, create family-specific settings.
(microtype)             See the microtype manual for details.


[46]

[47]

[48]

[49]

[50]

[51]
Overfull \hbox (30.76083pt too wide) in paragraph at lines 394--395
[][][][][][][][][][][][]  
 []


Overfull \hbox (30.76083pt too wide) in paragraph at lines 396--397
[][][][][][][][][][][][]  
 []



[52]

[53])

[54] (sections/appendix_h.tex

[55

]

[56]

[57]

[58]

[59]

[60]

[61]

[62]

[63]
Overfull \hbox (30.76083pt too wide) in paragraph at lines 443--444
[][][][][][][][][][][][]  
 []


Overfull \hbox (30.76083pt too wide) in paragraph at lines 445--446
[][][][][][][][][][][][]  
 []



[64]

[65]
Overfull \hbox (52.36105pt too wide) in paragraph at lines 515--516
[][][][][][][][][][][][]  
 []


Overfull \hbox (52.36105pt too wide) in paragraph at lines 518--519
[][][][][][][][][][][][]  
 []



[66]

[67])

[68] (thesis_jpm_22.5G_MPG_3nm.aux)
 ***********
LaTeX2e <2024-06-01> patch level 2
L3 programming layer <2024-08-30>
 ***********
 ) 
Here is how much of TeX's memory you used:
 40838 strings out of 473899
 792394 string characters out of 5721743
 1675039 words of memory out of 5000000
 61217 multiletter control sequences out of 15000+600000
 622514 words of font info for 429 fonts, out of 8000000 for 9000
 1141 hyphenation exceptions out of 8191
 94i,14n,93p,2372b,2820s stack positions out of 10000i,1000n,20000p,200000b,200000s

pdfTeX warning (dest): name{glo:msb} has been referenced but does not exist, replaced by a fixed one


pdfTeX warning (dest): name{glo:ulvt} has been referenced but does not exist, replaced by a fixed one


pdfTeX warning (dest): name{glo:dcd} has been referenced but does not exist, replaced by a fixed one


pdfTeX warning (dest): name{glo:mpg} has been referenced but does not exist, replaced by a fixed one


pdfTeX warning (dest): name{glo:inl} has been referenced but does not exist, replaced by a fixed one


pdfTeX warning (dest): name{glo:rms} has been referenced but does not exist, replaced by a fixed one


pdfTeX warning (dest): name{glo:dac} has been referenced but does not exist, replaced by a fixed one


pdfTeX warning (dest): name{glo:pll} has been referenced but does not exist, replaced by a fixed one


pdfTeX warning (dest): name{glo:lsb} has been referenced but does not exist, replaced by a fixed one


pdfTeX warning (dest): name{glo:dnl} has been referenced but does not exist, replaced by a fixed one


pdfTeX warning (dest): name{glo:pi} has been referenced but does not exist, replaced by a fixed one


pdfTeX warning (dest): name{glo:dll} has been referenced but does not exist, replaced by a fixed one


pdfTeX warning (dest): name{glo:pde} has been referenced but does not exist, replaced by a fixed one


pdfTeX warning (dest): name{glo:ml} has been referenced but does not exist, replaced by a fixed one


pdfTeX warning (dest): name{glo:ai} has been referenced but does not exist, replaced by a fixed one


pdfTeX warning (dest): name{glo:ott} has been referenced but does not exist, replaced by a fixed one


pdfTeX warning (dest): name{glo:serdes} has been referenced but does not exist, replaced by a fixed one


pdfTeX warning (dest): name{glo:io} has been referenced but does not exist, replaced by a fixed one


pdfTeX warning (dest): name{glo:octalgen} has been referenced but does not exist, replaced by a fixed one


pdfTeX warning (dest): name{glo:quadgen} has been referenced but does not exist, replaced by a fixed one


pdfTeX warning (dest): name{glo:pvt} has been referenced but does not exist, replaced by a fixed one


pdfTeX warning (dest): name{glo:csi} has been referenced but does not exist, replaced by a fixed one

<C:/Users/João Marcelino/AppData/Local/Programs/MiKTeX/fonts/type1/public/amsfonts/cm/cmex10.pfb><C:/Users/João Marcelino/AppData/Local/Programs/MiKTeX/fonts/type1/public/amsfonts/cm/cmmi10.pfb><C:/Users/João Marcelino/AppData/Local/Programs/MiKTeX/fonts/type1/public/amsfonts/cm/cmmi8.pfb><C:/Users/João Marcelino/AppData/Local/Programs/MiKTeX/fonts/type1/public/amsfonts/cm/cmmi9.pfb><C:/Users/João Marcelino/AppData/Local/Programs/MiKTeX/fonts/type1/public/amsfonts/cm/cmr10.pfb><C:/Users/João Marcelino/AppData/Local/Programs/MiKTeX/fonts/type1/public/amsfonts/cm/cmr12.pfb><C:/Users/João Marcelino/AppData/Local/Programs/MiKTeX/fonts/type1/public/amsfonts/cm/cmr6.pfb><C:/Users/João Marcelino/AppData/Local/Programs/MiKTeX/fonts/type1/public/amsfonts/cm/cmr8.pfb><C:/Users/João Marcelino/AppData/Local/Programs/MiKTeX/fonts/type1/public/amsfonts/cm/cmr9.pfb><C:/Users/João Marcelino/AppData/Local/Programs/MiKTeX/fonts/type1/public/amsfonts/cm/cmsy10.pfb><C:/Users/João Marcelino/AppData/Local/Programs/MiKTeX/fonts/type1/public/amsfonts/cm/cmsy6.pfb><C:/Users/João Marcelino/AppData/Local/Programs/MiKTeX/fonts/type1/public/amsfonts/cm/cmsy7.pfb><C:/Users/João Marcelino/AppData/Local/Programs/MiKTeX/fonts/type1/public/amsfonts/cm/cmsy8.pfb><C:/Users/João Marcelino/AppData/Local/Programs/MiKTeX/fonts/type1/public/amsfonts/cm/cmsy9.pfb><C:/Users/João Marcelino/AppData/Local/Programs/MiKTeX/fonts/type1/public/amsfonts/symbols/msam10.pfb><C:/Users/João Marcelino/AppData/Local/Programs/MiKTeX/fonts/type1/urw/courier/ucrb8a.pfb><C:/Users/João Marcelino/AppData/Local/Programs/MiKTeX/fonts/type1/urw/courier/ucrr8a.pfb><C:/Users/João Marcelino/AppData/Local/Programs/MiKTeX/fonts/type1/urw/times/utmb8a.pfb><C:/Users/João Marcelino/AppData/Local/Programs/MiKTeX/fonts/type1/urw/times/utmr8a.pfb><C:/Users/João Marcelino/AppData/Local/Programs/MiKTeX/fonts/type1/urw/times/utmri8a.pfb>
Output written on thesis_jpm_22.5G_MPG_3nm.pdf (82 pages, 5976091 bytes).
PDF statistics:
 2714 PDF objects out of 2984 (max. 8388607)
 1328 named destinations out of 1440 (max. 500000)
 105796 words of extra memory for PDF output out of 106986 (max. 10000000)

